--- OTURUM BASLADI ---
--- OTURUM BASLADI ---
--- OTURUM BASLADI ---
[30.12.2025 08:09:31] KULLANICI: USB Baglanti istegi -> COM2
[30.12.2025 08:09:31] SISTEM: USB Seri baglanti basarili -> COM2
[30.12.2025 08:09:38] GONDERILDI ($M): sa
[30.12.2025 08:09:58] GELEN MESAJ ($M): N,2F
[30.12.2025 08:10:28] SISTEM EYLEMI BASLATILDI: cmd /c start https://google.com
[30.12.2025 08:10:28] GELEN KOMUT ($K): K,BR,77
[30.12.2025 08:10:40] KULLANICI: Tema degistirildi.
[30.12.2025 08:10:44] KULLANICI: Tema degistirildi.
[30.12.2025 08:12:25] GONDERILDI ($M): sa
[30.12.2025 08:20:41] GONDERILDI ($M): sa
[30.12.2025 08:20:56] GELEN MESAJ ($M): S
[30.12.2025 08:25:25] GONDERILDI ($M): sa
[30.12.2025 08:25:38] KOMUT YOLLANDI ($K): rst
[30.12.2025 08:25:47] KOMUT YOLLANDI ($K): rst
[30.12.2025 08:57:01] KOMUT YOLLANDI ($K): rst
[30.12.2025 08:57:09] GONDERILDI ($M): sa
[30.12.2025 08:57:14] SISTEM: USB baglantisi kapatildi veya koptu.
[30.12.2025 08:57:15] KULLANICI: USB Baglanti istegi -> COM2
[30.12.2025 08:57:15] SISTEM: USB Seri baglanti basarili -> COM2
[30.12.2025 08:57:22] GONDERILDI ($M): sa
[30.12.2025 09:01:49] GONDERILDI ($M): sa
[30.12.2025 09:01:56] GONDERILDI ($M): sa
[30.12.2025 09:02:17] GONDERILDI ($M): ahmet bir gay
[30.12.2025 09:02:55] KOMUT YOLLANDI ($K): rst
[30.12.2025 09:03:02] KOMUT YOLLANDI ($K): rst
--- LOGLAR TEMIZLENDI ---
[30.12.2025 09:10:32] GELEN MESAJ ($M): EYMEN
[30.12.2025 09:10:58] KOMUT YOLLANDI ($K): rst
[30.12.2025 09:11:47] SISTEM: USB baglantisi kapatildi veya koptu.
[30.12.2025 09:11:59] KULLANICI: USB Baglanti istegi -> COM2
[30.12.2025 09:11:59] SISTEM: USB Seri baglanti basarili -> COM2
--- LOGLAR TEMIZLENDI ---
[30.12.2025 09:14:50] SISTEM EYLEMI BASLATILDI: start cmd.exe
[30.12.2025 09:14:50] GELEN KOMUT ($K): K,TERM
[30.12.2025 09:15:01] GONDERILDI ($M): sa
[30.12.2025 09:15:09] GONDERILDI ($M): as
[30.12.2025 09:15:27] KOMUT YOLLANDI ($K): rst
[30.12.2025 09:28:48] GELEN MESAJ ($M): Y
[30.12.2025 09:37:16] GELEN MESAJ ($M): ALI
--- LOGLAR TEMIZLENDI ---
[30.12.2025 09:37:22] GONDERILDI ($M): sa
[30.12.2025 09:37:47] KOMUT YOLLANDI ($K): rst
