--- OTURUM BASLADI ---
[28.12.2025 17:12:06] SISTEM: Bluetooth taramasi baslatildi...
[28.12.2025 17:12:09] KULLANICI: Baglanti istegi -> 00:24:09:01:09:14
[28.12.2025 17:12:12] SISTEM: Bluetooth baglantisi basarili.
[28.12.2025 17:12:46] GELEN MESAJ: BR,71
[28.12.2025 17:12:47] SISTEM: Tarama tamamlandi.
[28.12.2025 17:14:24] GELEN MESAJ: BR,71
[28.12.2025 17:19:57] SISTEM: Baglanti kesildi.
--- OTURUM BASLADI ---
[28.12.2025 17:21:25] SISTEM: Bluetooth taramasi baslatildi...
[28.12.2025 17:21:27] KULLANICI: Baglanti istegi -> 00:24:09:01:09:14
[28.12.2025 17:21:30] SISTEM: Bluetooth baglantisi basarili.
[28.12.2025 17:22:00] SISTEM: Baglanti kesildi.
[28.12.2025 17:22:06] SISTEM: Tarama tamamlandi.
[28.12.2025 17:22:08] KULLANICI: Baglanti istegi -> 00:24:09:01:09:14
[28.12.2025 17:22:12] SISTEM: Bluetooth baglantisi basarili.
[28.12.2025 17:22:26] GELEN MESAJ ($M): NV,79
--- OTURUM BASLADI ---
[28.12.2025 17:24:06] SISTEM: Bluetooth taramasi baslatildi...
[28.12.2025 17:24:12] KULLANICI: Baglanti istegi -> 00:24:09:01:09:14
[28.12.2025 17:24:16] SISTEM: Bluetooth baglantisi basarili.
[28.12.2025 17:24:41] GELEN MESAJ ($M): NV,79
[28.12.2025 17:24:46] SISTEM: Tarama tamamlandi.
[28.12.2025 17:25:02] SISTEM EYLEMI: sh -c "nvim ~/Documents/Code/"
[28.12.2025 17:25:02] GELEN KOMUT ($K): K,NV,7F
--- OTURUM BASLADI ---
[28.12.2025 17:25:49] SISTEM: Bluetooth taramasi baslatildi...
[28.12.2025 17:25:50] KULLANICI: Baglanti istegi -> 00:24:09:01:09:14
[28.12.2025 17:25:54] SISTEM: Bluetooth baglantisi basarili.
[28.12.2025 17:26:00] SISTEM EYLEMI: sh -c "nvim ~/Documents/Code/"
[28.12.2025 17:26:00] GELEN KOMUT ($K): K,NV,7F
[28.12.2025 17:26:29] SISTEM: Tarama tamamlandi.
[28.12.2025 17:27:31] SISTEM: Baglanti kesildi.
--- OTURUM BASLADI ---
[28.12.2025 17:28:02] SISTEM: Bluetooth taramasi baslatildi...
[28.12.2025 17:28:03] KULLANICI: Baglanti istegi -> 00:24:09:01:09:14
[28.12.2025 17:28:07] SISTEM: Bluetooth baglantisi basarili.
[28.12.2025 17:28:30] SISTEM EYLEMI: alacritty -e ranger
[28.12.2025 17:28:30] GELEN KOMUT ($K): K,FL,6D
[28.12.2025 17:28:43] SISTEM: Tarama tamamlandi.
--- OTURUM BASLADI ---
[28.12.2025 17:34:26] SISTEM: Bluetooth taramasi baslatildi...
[28.12.2025 17:34:28] KULLANICI: Baglanti istegi -> 00:24:09:01:09:14
[28.12.2025 17:34:31] SISTEM: Bluetooth baglantisi basarili.
[28.12.2025 17:35:06] SISTEM: Tarama tamamlandi.
[28.12.2025 17:35:36] SISTEM EYLEMI: alacritty -e sh -c "sudo pacman -Syyu; echo 'Bitti, enter a bas...'; read"
[28.12.2025 17:35:36] GELEN KOMUT ($K): K,UPD,26
[28.12.2025 17:36:11] SISTEM EYLEMI: alacritty -e nvim /home/aura/Documents/Code/
[28.12.2025 17:36:11] GELEN KOMUT ($K): K,NV,7F
--- OTURUM BASLADI ---
[28.12.2025 17:41:42] SISTEM: Bluetooth taramasi baslatildi...
[28.12.2025 17:41:44] KULLANICI: Baglanti istegi -> 00:24:09:01:09:14
[28.12.2025 17:41:48] SISTEM: Bluetooth baglantisi basarili.
[28.12.2025 17:42:04] SISTEM EYLEMI: alacritty -e nvim /home/aura/Documents/Code/
[28.12.2025 17:42:04] GELEN KOMUT ($K): K,NV,7F
[28.12.2025 17:42:22] SISTEM: Tarama tamamlandi.
--- OTURUM BASLADI ---
[28.12.2025 17:44:53] SISTEM: Bluetooth taramasi baslatildi...
[28.12.2025 17:44:54] KULLANICI: Baglanti istegi -> 00:24:09:01:09:14
[28.12.2025 17:44:58] SISTEM: Bluetooth baglantisi basarili.
[28.12.2025 17:45:15] SISTEM EYLEMI: sh -c "alacritty -e nvim ~/Documents/Code/"
[28.12.2025 17:45:15] GELEN KOMUT ($K): K,NV,7F
[28.12.2025 17:45:33] SISTEM: Tarama tamamlandi.
[28.12.2025 17:46:26] BILINMEYEN KOMUT: TER
[28.12.2025 17:46:26] GELEN KOMUT ($K): K,TER,24
[28.12.2025 17:46:40] SISTEM EYLEMI: sh -c "alacritty"
[28.12.2025 17:46:40] GELEN KOMUT ($K): K,TERM,69
--- OTURUM BASLADI ---
--- OTURUM BASLADI ---
[28.12.2025 17:49:03] SISTEM: Bluetooth taramasi baslatildi...
[28.12.2025 17:49:05] KULLANICI: Baglanti istegi -> 00:24:09:01:09:14
[28.12.2025 17:49:08] SISTEM: Bluetooth baglantisi basarili.
[28.12.2025 17:49:32] SISTEM EYLEMI: sh -c "alacritty"
[28.12.2025 17:49:32] GELEN KOMUT ($K): K,TERM,69
[28.12.2025 17:49:44] SISTEM: Tarama tamamlandi.
--- OTURUM BASLADI ---
[28.12.2025 17:52:12] SISTEM: Bluetooth taramasi baslatildi...
[28.12.2025 17:52:17] KULLANICI: Baglanti istegi -> 00:24:09:01:09:14
[28.12.2025 17:52:20] SISTEM: Bluetooth baglantisi basarili.
[28.12.2025 17:52:31] SISTEM EYLEMI: alacritty -e nvim /home/aura/Documents/Code
[28.12.2025 17:52:31] GELEN KOMUT ($K): K,NV,7F
[28.12.2025 17:52:45] SISTEM EYLEMI: alacritty
[28.12.2025 17:52:45] GELEN KOMUT ($K): K,TERM,69
[28.12.2025 17:52:53] SISTEM: Tarama tamamlandi.
[28.12.2025 17:53:10] SISTEM EYLEMI: nautilus
[28.12.2025 17:53:10] GELEN KOMUT ($K): K,FL,6D
[28.12.2025 17:55:49] SISTEM: Baglanti kesildi.
--- OTURUM BASLADI ---
