
ROM used:   1457/8192 (18%)
            1457/8192 (18%) including unused fragments

            0.4 Average locations per line
            2.2 Average locations per statement

RAM used:   58/368 (16%) at main() level
            79/368 (21%) worst case

Stack used: 1 worst case (0 in main + 1 for interrupts)
Stack size: 8

Lines Stmts  %   Files
----- ----- ---  -----
  372   204  31  main.c
  758     0   0  ..\..\..\..\..\..\Program Files (x86)\PICC\Devices\16F887.h
  423     0   0  ..\..\..\..\..\..\Program Files (x86)\PICC\Drivers\string.h
   32     0   0  ..\..\..\..\..\..\Program Files (x86)\PICC\Drivers\stddef.h
   28     0   0  ..\..\..\..\..\..\Program Files (x86)\PICC\Drivers\ctype.h
 1351   359  54  ..\..\..\..\..\..\Program Files (x86)\PICC\Drivers\stdlib.h
  456   100  15  ..\..\..\..\..\..\Program Files (x86)\PICC\Drivers\LCD.C
----- -----
 3420   663 Total

Page ROM  %  RAM   Vol Diff  Functions:
---- --- --- ---   --- ----  ----------
0     20   1    1             @delay_ms1
0     30   2    5   129  4.6  strlen
0      8   1    0             @const898
 Inline         3   760  4.5  lcd_read_byte
0     49   3    2   262  3.7  lcd_read_nibble
0     44   3    1   399  2.4  lcd_send_nibble
0     92   6    3   415  3.7  lcd_send_byte
0     59   4    2   704  5.0  lcd_init
0     18   1    4   208  6.3  lcd_gotoxy
0     44   3    1   354  4.7  lcd_putc
0     68   5    0             @const937
0     66   5    3   162  4.4  save_text_to_eeprom
0     45   3    4   251  5.0  load_text_from_eeprom
0     54   4    6   470  7.8  decode_morse
0     37   3    4   386  6.5  lcd_locate
0     86   6    4   720  6.6  update_lcd
0     22   2    2   720  6.6  @PSTRINGR_917
0      2   0    0             @const959
0     75   5    4             @PSTRINGC7_917
0    109   7    1   592  4.7  enter_sleep_mode
0      7   0    0  1685  8.3  @const963
0      6   0    0   505  5.7  @const964
0     90   6    2   621  5.7  timer1_isr
0    349  24    2  3318  8.9  MAIN
0      7   0    0             @const970
0      6   0    0             @const971
0      9   1    0             @const973
0      6   0    0             @const975
 Inline         0             @cinit1

Program metrics:
    Functions               19
    Statements              663
    Comments                762
    Volume (V)              20569
    Difficulty (D)          104.2
    Effort to implement (E) 2142593
    Time to implement (T)   33 hours, 4 minutes
    Est Delivered Bugs (B)  6
    Cyclomatic Complexity   57
    Maintainability (MI)    58

 Segment     Used  Free
-----------  ----  ----
00000-00003     4  0  
00004-00030    45  0  
00031-007FF  1408  591  
00800-00FFF     0  2048  
01000-017FF     0  2048  
01800-01FFF     0  2048  



