--- Uygulama Başlatıldı ---
--- SESSION STARTED ---
--- OTURUM BAŞLADI ---
--- OTURUM BAŞLADI ---
[20.12.2025 15:38:52] KULLANICI: Tema değiştirildi.
[20.12.2025 15:38:53] KULLANICI: Tema değiştirildi.
[20.12.2025 15:38:54] KULLANICI: Tema değiştirildi.
[20.12.2025 15:38:54] KULLANICI: Tema değiştirildi.
[20.12.2025 15:39:05] KOMUT YOLLANDI ($K): sa
[20.12.2025 15:39:11] KOMUT YOLLANDI ($K): saas
[20.12.2025 15:39:17] HATA: Port açılamadı.
[20.12.2025 15:39:20] HATA: Port açılamadı.
--- OTURUM BAŞLADI ---
--- LOGLAR TEMİZLENDİ ---
--- OTURUM BAŞLADI ---
[20.12.2025 15:43:28] HATA: Port açılamadı.
[20.12.2025 15:43:46] KULLANICI: Port listesi yenilendi.
[20.12.2025 15:59:29] KULLANICI: Tema değiştirildi.
[20.12.2025 15:59:32] KULLANICI: Tema değiştirildi.
--- OTURUM BAŞLADI ---
--- OTURUM BAŞLADI ---
--- OTURUM BAŞLADI ---
[20.12.2025 16:03:38] KULLANICI: Tema değiştirildi.
[20.12.2025 16:03:39] KULLANICI: Tema değiştirildi.
[20.12.2025 16:03:39] KULLANICI: Tema değiştirildi.
[20.12.2025 16:03:40] KULLANICI: Tema değiştirildi.
[20.12.2025 16:03:41] KULLANICI: Tema değiştirildi.
[20.12.2025 16:03:42] KULLANICI: Tema değiştirildi.
--- OTURUM BAŞLADI ---
--- OTURUM BAŞLADI ---
